<?xml version="1.0" encoding="UTF-8"?>
<!-- Generated by org.testng.reporters.JUnitReportReporter -->
<testsuite skipped="0" hostname="USER-PC" name="com.crm.qa.testcases.LoginPageTest" tests="2" failures="0" timestamp="22 Jun 2019 20:42:44 GMT" time="31.519" errors="0">
  <testcase name="loginPageTitleTest" time="13.222" classname="com.crm.qa.testcases.LoginPageTest"/>
  <testcase name="LoginTest" time="18.297" classname="com.crm.qa.testcases.LoginPageTest"/>
</testsuite> <!-- com.crm.qa.testcases.LoginPageTest -->
