<?xml version="1.0" encoding="UTF-8"?>
<!-- Generated by org.testng.reporters.JUnitReportReporter -->
<testsuite skipped="0" hostname="USER-PC" name="com.crm.qa.testcases.LoginPageTest" tests="2" failures="0" timestamp="23 Jun 2019 18:29:19 GMT" time="35.423" errors="0">
  <testcase name="loginPageTitleTest" time="15.989" classname="com.crm.qa.testcases.LoginPageTest"/>
  <testcase name="LoginTest" time="19.434" classname="com.crm.qa.testcases.LoginPageTest"/>
</testsuite> <!-- com.crm.qa.testcases.LoginPageTest -->
