<?xml version="1.0" encoding="UTF-8"?>
<!-- Generated by org.testng.reporters.JUnitReportReporter -->
<testsuite skipped="0" hostname="USER-PC" name="com.crm.qa.testcases.HomePageTest" tests="3" failures="0" timestamp="23 Jun 2019 18:29:19 GMT" time="40.177" errors="0">
  <testcase name="verifyHomePageTitleTest" time="11.526" classname="com.crm.qa.testcases.HomePageTest"/>
  <testcase name="verifyUserNameTest" time="12.194" classname="com.crm.qa.testcases.HomePageTest"/>
  <testcase name="verifyContactsLinkTest" time="16.457" classname="com.crm.qa.testcases.HomePageTest"/>
</testsuite> <!-- com.crm.qa.testcases.HomePageTest -->
